# JRE version: Java(TM) SE Runtime Environment (8.0_112-b15) (build 1.8.0_112-b15)
# Java VM: Java HotSpot(TM) 64-Bit Server VM (25.112-b15 mixed mode windows-amd64 compressed oops)
Heap:
 PSYoungGen      total 37888K, used 29245K [0x00000000d6100000, 0x00000000d8b00000, 0x0000000100000000)
  eden space 32768K, 89% used [0x00000000d6100000,0x00000000d7d8f6a8,0x00000000d8100000)
  from space 5120K, 0% used [0x00000000d8100000,0x00000000d8100000,0x00000000d8600000)
  to   space 5120K, 0% used [0x00000000d8600000,0x00000000d8600000,0x00000000d8b00000)
 ParOldGen       total 62464K, used 989K [0x0000000082200000, 0x0000000085f00000, 0x00000000d6100000)
  object space 62464K, 1% used [0x0000000082200000,0x00000000822f7530,0x0000000085f00000)
 Metaspace       used 14072K, capacity 14888K, committed 15104K, reserved 1064960K
  class space    used 2114K, capacity 2301K, committed 2304K, reserved 1048576K
GC Heap History (4 events):
Event: 0.278 GC heap before
{Heap before GC invocations=1 (full 0):
 PSYoungGen      total 37888K, used 10695K [0x00000000d6100000, 0x00000000d8b00000, 0x0000000100000000)
  eden space 32768K, 32% used [0x00000000d6100000,0x00000000d6b71e38,0x00000000d8100000)
  from space 5120K, 0% used [0x00000000d8600000,0x00000000d8600000,0x00000000d8b00000)
  to   space 5120K, 0% used [0x00000000d8100000,0x00000000d8100000,0x00000000d8600000)
 ParOldGen       total 86016K, used 0K [0x0000000082200000, 0x0000000087600000, 0x00000000d6100000)
  object space 86016K, 0% used [0x0000000082200000,0x0000000082200000,0x0000000087600000)
 Metaspace       used 6434K, capacity 6820K, committed 6912K, reserved 1060864K
  class space    used 790K, capacity 935K, committed 1024K, reserved 1048576K
Event: 0.280 GC heap after
Heap after GC invocations=1 (full 0):
 PSYoungGen      total 37888K, used 1072K [0x00000000d6100000, 0x00000000d8b00000, 0x0000000100000000)
  eden space 32768K, 0% used [0x00000000d6100000,0x00000000d6100000,0x00000000d8100000)
  from space 5120K, 20% used [0x00000000d8100000,0x00000000d820c010,0x00000000d8600000)
  to   space 5120K, 0% used [0x00000000d8600000,0x00000000d8600000,0x00000000d8b00000)
 ParOldGen       total 86016K, used 8K [0x0000000082200000, 0x0000000087600000, 0x00000000d6100000)
  object space 86016K, 0% used [0x0000000082200000,0x0000000082202000,0x0000000087600000)
 Metaspace       used 6434K, capacity 6820K, committed 6912K, reserved 1060864K
  class space    used 790K, capacity 935K, committed 1024K, reserved 1048576K
}
Event: 0.280 GC heap before
{Heap before GC invocations=2 (full 1):
 PSYoungGen      total 37888K, used 1072K [0x00000000d6100000, 0x00000000d8b00000, 0x0000000100000000)
  eden space 32768K, 0% used [0x00000000d6100000,0x00000000d6100000,0x00000000d8100000)
  from space 5120K, 20% used [0x00000000d8100000,0x00000000d820c010,0x00000000d8600000)
  to   space 5120K, 0% used [0x00000000d8600000,0x00000000d8600000,0x00000000d8b00000)
 ParOldGen       total 86016K, used 8K [0x0000000082200000, 0x0000000087600000, 0x00000000d6100000)
  object space 86016K, 0% used [0x0000000082200000,0x0000000082202000,0x0000000087600000)
 Metaspace       used 6434K, capacity 6820K, committed 6912K, reserved 1060864K
  class space    used 790K, capacity 935K, committed 1024K, reserved 1048576K
Event: 0.291 GC heap after
Heap after GC invocations=2 (full 1):
 PSYoungGen      total 37888K, used 0K [0x00000000d6100000, 0x00000000d8b00000, 0x0000000100000000)
  eden space 32768K, 0% used [0x00000000d6100000,0x00000000d6100000,0x00000000d8100000)
  from space 5120K, 0% used [0x00000000d8100000,0x00000000d8100000,0x00000000d8600000)
  to   space 5120K, 0% used [0x00000000d8600000,0x00000000d8600000,0x00000000d8b00000)
 ParOldGen       total 62464K, used 989K [0x0000000082200000, 0x0000000085f00000, 0x00000000d6100000)
  object space 62464K, 1% used [0x0000000082200000,0x00000000822f7530,0x0000000085f00000)
 Metaspace       used 6434K, capacity 6820K, committed 6912K, reserved 1058816K
  class space    used 790K, capacity 935K, committed 1024K, reserved 1048576K
}

